<?xml version="1.0" encoding="UTF-8"?>
<!-- Generated by org.testng.reporters.JUnitXMLReporter -->
<testsuite ignored="2" hostname="QSP" failures="0" tests="2" name="Test" time="9.589" errors="0" timestamp="2022-01-23T08:28:19 IST">
  <testcase classname="com.Ty.Github.TestScripts.GetOperation" name="tc1" time="4.064"/>
  <testcase classname="com.Ty.Github.TestScripts.PostOperation" name="tc2" time="5.41"/>
  <testcase classname="com.Ty.Github.TestScripts.BaseClass" name="@AfterSuite configAS" time="0.0">
    <ignored/>
  </testcase> <!-- @AfterSuite configAS -->
  <testcase classname="com.Ty.Github.TestScripts.BaseClass" name="@BeforeSuite configBS" time="0.0">
    <ignored/>
  </testcase> <!-- @BeforeSuite configBS -->
</testsuite> <!-- Test -->
